2022-05-27 15:41:32.098 ERROR 4504 --- [main] o.s.b.d.LoggingFailureAnalysisReporter   : 

***************************
APPLICATION FAILED TO START
***************************

Description:

Failed to bind properties under 'logging.level.root' to org.springframework.boot.logging.LogLevel:

    Property: logging.level.root
    Value: INFO,ERROR,DEBUG
    Origin: class path resource [application.properties] - 36:20
    Reason: failed to convert java.lang.String to org.springframework.boot.logging.LogLevel (caused by java.lang.IllegalArgumentException: No enum constant org.springframework.boot.logging.LogLevel.INFO,ERROR,DEBUG)

Action:

Update your application's configuration. The following values are valid:

    DEBUG
    ERROR
    FATAL
    INFO
    OFF
    TRACE
    WARN

2022-05-27 15:42:19.713  INFO 1664 --- [main] c.s.t.TodoFullStackApplication           : Starting TodoFullStackApplication using Java 11.0.12 on swarna with PID 1664 (E:\My-Projects\TodoFullStack\backend\TodoFullStack\target\classes started by swarna in e:\My-Projects\TodoFullStack\backend\TodoFullStack)
2022-05-27 15:42:19.721  INFO 1664 --- [main] c.s.t.TodoFullStackApplication           : No active profile set, falling back to 1 default profile: "default"
2022-05-27 15:42:22.734  WARN 1664 --- [main] ConfigServletWebServerApplicationContext : Exception encountered during context initialization - cancelling refresh attempt: org.springframework.beans.factory.support.BeanDefinitionOverrideException: Invalid bean definition with name 'cacheConfig' defined in class path resource [com/swarna/todoFullStack/config/CacheConfig.class]: Cannot register bean definition [Root bean: class [null]; scope=; abstract=false; lazyInit=null; autowireMode=3; dependencyCheck=0; autowireCandidate=true; primary=false; factoryBeanName=cacheConfig; factoryMethodName=cacheConfig; initMethodName=null; destroyMethodName=(inferred); defined in class path resource [com/swarna/todoFullStack/config/CacheConfig.class]] for bean 'cacheConfig': There is already [Generic bean: class [com.swarna.todoFullStack.config.CacheConfig]; scope=singleton; abstract=false; lazyInit=null; autowireMode=0; dependencyCheck=0; autowireCandidate=true; primary=false; factoryBeanName=null; factoryMethodName=null; initMethodName=null; destroyMethodName=null; defined in file [E:\My-Projects\TodoFullStack\backend\TodoFullStack\target\classes\com\swarna\todoFullStack\config\CacheConfig.class]] bound.
2022-05-27 15:42:22.759  INFO 1664 --- [main] ConditionEvaluationReportLoggingListener : 

Error starting ApplicationContext. To display the conditions report re-run your application with 'debug' enabled.
2022-05-27 15:42:22.827 ERROR 1664 --- [main] o.s.b.d.LoggingFailureAnalysisReporter   : 

***************************
APPLICATION FAILED TO START
***************************

Description:

The bean 'cacheConfig', defined in class path resource [com/swarna/todoFullStack/config/CacheConfig.class], could not be registered. A bean with that name has already been defined in file [E:\My-Projects\TodoFullStack\backend\TodoFullStack\target\classes\com\swarna\todoFullStack\config\CacheConfig.class] and overriding is disabled.

Action:

Consider renaming one of the beans or enabling overriding by setting spring.main.allow-bean-definition-overriding=true

2022-05-27 15:47:04.459  INFO 5432 --- [main] c.s.t.TodoFullStackApplication           : Starting TodoFullStackApplication using Java 11.0.12 on swarna with PID 5432 (E:\My-Projects\TodoFullStack\backend\TodoFullStack\target\classes started by swarna in e:\My-Projects\TodoFullStack\backend\TodoFullStack)
2022-05-27 15:47:04.483  INFO 5432 --- [main] c.s.t.TodoFullStackApplication           : No active profile set, falling back to 1 default profile: "default"
2022-05-27 15:47:06.710  INFO 5432 --- [main] .s.d.r.c.RepositoryConfigurationDelegate : Bootstrapping Spring Data JPA repositories in DEFAULT mode.
2022-05-27 15:47:06.929  INFO 5432 --- [main] .s.d.r.c.RepositoryConfigurationDelegate : Finished Spring Data repository scanning in 191 ms. Found 1 JPA repository interfaces.
2022-05-27 15:47:10.970  INFO 5432 --- [main] o.s.b.w.embedded.tomcat.TomcatWebServer  : Tomcat initialized with port(s): 8080 (http)
2022-05-27 15:47:11.022  INFO 5432 --- [main] o.apache.catalina.core.StandardService   : Starting service [Tomcat]
2022-05-27 15:47:11.022  INFO 5432 --- [main] org.apache.catalina.core.StandardEngine  : Starting Servlet engine: [Apache Tomcat/9.0.60]
2022-05-27 15:47:12.861  INFO 5432 --- [main] o.a.c.c.C.[Tomcat].[localhost].[/]       : Initializing Spring embedded WebApplicationContext
2022-05-27 15:47:12.861  INFO 5432 --- [main] w.s.c.ServletWebServerApplicationContext : Root WebApplicationContext: initialization completed in 8162 ms
2022-05-27 15:47:20.400  INFO 5432 --- [main] o.hibernate.jpa.internal.util.LogHelper  : HHH000204: Processing PersistenceUnitInfo [name: default]
2022-05-27 15:47:20.724  INFO 5432 --- [main] org.hibernate.Version                    : HHH000412: Hibernate ORM core version 5.6.7.Final
2022-05-27 15:47:21.858  INFO 5432 --- [main] o.hibernate.annotations.common.Version   : HCANN000001: Hibernate Commons Annotations {5.1.2.Final}
2022-05-27 15:47:22.462  INFO 5432 --- [main] com.zaxxer.hikari.HikariDataSource       : HikariPool-1 - Starting...
2022-05-27 15:47:25.467  INFO 5432 --- [main] com.zaxxer.hikari.HikariDataSource       : HikariPool-1 - Start completed.
2022-05-27 15:47:25.621  INFO 5432 --- [main] org.hibernate.dialect.Dialect            : HHH000400: Using dialect: org.hibernate.dialect.PostgreSQLDialect
2022-05-27 15:47:29.259  INFO 5432 --- [main] o.h.e.t.j.p.i.JtaPlatformInitiator       : HHH000490: Using JtaPlatform implementation: [org.hibernate.engine.transaction.jta.platform.internal.NoJtaPlatform]
2022-05-27 15:47:29.296  INFO 5432 --- [main] j.LocalContainerEntityManagerFactoryBean : Initialized JPA EntityManagerFactory for persistence unit 'default'
2022-05-27 15:47:29.652  WARN 5432 --- [main] JpaBaseConfiguration$JpaWebConfiguration : spring.jpa.open-in-view is enabled by default. Therefore, database queries may be performed during view rendering. Explicitly configure spring.jpa.open-in-view to disable this warning
2022-05-27 15:47:32.338  WARN 5432 --- [main] o.s.s.c.a.web.builders.WebSecurity       : You are asking Spring Security to ignore Ant [pattern='/authenticate', POST]. This is not recommended -- please use permitAll via HttpSecurity#authorizeHttpRequests instead.
2022-05-27 15:47:32.338  INFO 5432 --- [main] o.s.s.web.DefaultSecurityFilterChain     : Will secure Ant [pattern='/authenticate', POST] with []
2022-05-27 15:47:32.354  WARN 5432 --- [main] o.s.s.c.a.web.builders.WebSecurity       : You are asking Spring Security to ignore Ant [pattern='/**', OPTIONS]. This is not recommended -- please use permitAll via HttpSecurity#authorizeHttpRequests instead.
2022-05-27 15:47:32.354  INFO 5432 --- [main] o.s.s.web.DefaultSecurityFilterChain     : Will secure Ant [pattern='/**', OPTIONS] with []
2022-05-27 15:47:32.354  WARN 5432 --- [main] o.s.s.c.a.web.builders.WebSecurity       : You are asking Spring Security to ignore Ant [pattern='/', GET]. This is not recommended -- please use permitAll via HttpSecurity#authorizeHttpRequests instead.
2022-05-27 15:47:32.354  INFO 5432 --- [main] o.s.s.web.DefaultSecurityFilterChain     : Will secure Ant [pattern='/', GET] with []
2022-05-27 15:47:32.354  WARN 5432 --- [main] o.s.s.c.a.web.builders.WebSecurity       : You are asking Spring Security to ignore Ant [pattern='/h2-console/**/**']. This is not recommended -- please use permitAll via HttpSecurity#authorizeHttpRequests instead.
2022-05-27 15:47:32.354  INFO 5432 --- [main] o.s.s.web.DefaultSecurityFilterChain     : Will secure Ant [pattern='/h2-console/**/**'] with []
2022-05-27 15:47:32.482  INFO 5432 --- [main] o.s.s.web.DefaultSecurityFilterChain     : Will not secure any request
2022-05-27 15:47:34.459  INFO 5432 --- [main] o.s.b.w.embedded.tomcat.TomcatWebServer  : Tomcat started on port(s): 8080 (http) with context path ''
2022-05-27 15:47:34.500  INFO 5432 --- [main] c.s.t.TodoFullStackApplication           : Started TodoFullStackApplication in 32.738 seconds (JVM running for 37.11)
